<?xml version="1.0" encoding="UTF-8"?>
<testng-results skipped="0" failed="1" ignored="0" total="2" passed="1">
  <reporter-output>
  </reporter-output>
  <suite name="Default suite" duration-ms="143460" started-at="2023-03-08T20:28:17 IST" finished-at="2023-03-08T20:30:41 IST">
    <groups>
      <group name="cucumber">
        <method signature="AbstractTestNGCucumberTests.runScenario(io.cucumber.testng.PickleWrapper,io.cucumber.testng.FeatureWrapper)[pri:0, instance:runners.GooglePageRunner@8b87145]" name="runScenario" class="io.cucumber.testng.AbstractTestNGCucumberTests"/>
      </group> <!-- cucumber -->
    </groups>
    <test name="Default test" duration-ms="143460" started-at="2023-03-08T20:28:17 IST" finished-at="2023-03-08T20:30:41 IST">
      <class name="runners.GooglePageRunner">
        <test-method status="PASS" signature="setUpClass(org.testng.ITestContext)[pri:0, instance:runners.GooglePageRunner@8b87145]" name="setUpClass" is-config="true" duration-ms="2461" started-at="2023-03-08T20:28:17 IST" finished-at="2023-03-08T20:28:20 IST">
          <params>
            <param index="0">
              <value>
                <![CDATA[org.testng.TestRunner@443effcb]]>
              </value>
            </param>
          </params>
          <reporter-output>
          </reporter-output>
        </test-method> <!-- setUpClass -->
        <test-method status="FAIL" signature="runScenario(io.cucumber.testng.PickleWrapper,io.cucumber.testng.FeatureWrapper)[pri:0, instance:runners.GooglePageRunner@8b87145]" name="runScenario" duration-ms="79611" started-at="2023-03-08T20:28:20 IST" description="Runs Cucumber Scenarios" data-provider="scenarios" finished-at="2023-03-08T20:29:39 IST">
          <params>
            <param index="0">
              <value>
                <![CDATA["Java search"]]>
              </value>
            </param>
            <param index="1">
              <value>
                <![CDATA["Google Search Function"]]>
              </value>
            </param>
          </params>
          <exception class="java.lang.AssertionError">
            <message>
              <![CDATA[expected [Java Tutorial - Google Search Page] but found [Java Tutorial - Google Search]]]>
            </message>
            <full-stacktrace>
              <![CDATA[java.lang.AssertionError: expected [Java Tutorial - Google Search Page] but found [Java Tutorial - Google Search]
at org.testng.Assert.fail(Assert.java:110)
at org.testng.Assert.failNotEquals(Assert.java:1413)
at org.testng.Assert.assertEqualsImpl(Assert.java:149)
at org.testng.Assert.assertEquals(Assert.java:131)
at org.testng.Assert.assertEquals(Assert.java:655)
at org.testng.Assert.assertEquals(Assert.java:665)
at stepDefs.GoogleStepDef.should_display_java_result_page(GoogleStepDef.java:37)
at âœ½.should display Java Result Page(file:///F:/Dharun/workspace/SDETTrainingWS/BDDSampleB1/src/test/resources/features/GooglePageSearch.feature:8)
]]>
            </full-stacktrace>
          </exception> <!-- java.lang.AssertionError -->
          <reporter-output>
          </reporter-output>
        </test-method> <!-- runScenario -->
        <test-method status="PASS" signature="runScenario(io.cucumber.testng.PickleWrapper,io.cucumber.testng.FeatureWrapper)[pri:0, instance:runners.GooglePageRunner@8b87145]" name="runScenario" duration-ms="55823" started-at="2023-03-08T20:29:39 IST" description="Runs Cucumber Scenarios" data-provider="scenarios" finished-at="2023-03-08T20:30:35 IST">
          <params>
            <param index="0">
              <value>
                <![CDATA["Selenium search"]]>
              </value>
            </param>
            <param index="1">
              <value>
                <![CDATA["Google Search Function"]]>
              </value>
            </param>
          </params>
          <reporter-output>
          </reporter-output>
        </test-method> <!-- runScenario -->
        <test-method status="PASS" signature="tearDownClass()[pri:0, instance:runners.GooglePageRunner@8b87145]" name="tearDownClass" is-config="true" duration-ms="5143" started-at="2023-03-08T20:30:35 IST" finished-at="2023-03-08T20:30:41 IST">
          <reporter-output>
          </reporter-output>
        </test-method> <!-- tearDownClass -->
      </class> <!-- runners.GooglePageRunner -->
    </test> <!-- Default test -->
  </suite> <!-- Default suite -->
</testng-results>
